{"level":"error","name":"Not found","status":404}
{"level":"error","name":"Error","status":500}
{"level":"error","name":"Not found","status":404}
{"level":"error","name":"Error","status":500}
{"level":"error","name":"Not found","status":404}
{"level":"error","name":"Error","status":500}
{"level":"error","name":"Not found","status":404}
{"level":"error","name":"Error","status":500}
{"level":"error","name":"Not found","status":404}
{"level":"error","name":"Error","status":500}
{"level":"error","name":"Not found","status":404}
{"level":"error","name":"Error","status":500}
{"level":"error","name":"Not Implemented","status":404}
{"level":"error","name":"Not Implemented","status":404}
{"level":"error"}
{"level":"error"}
{"level":"error"}
{"level":"error"}
{"level":"error","name":"Not found","status":404}
{"level":"error","name":"Error","status":500}
{"level":"error"}
{"level":"error","name":"Unauthenticated","status":403}
{"level":"error","name":"Unauthenticated","status":403}
{"level":"error","name":"Unauthenticated","status":403}
{"level":"error","name":"Unauthenticated","status":403}
{"level":"error","name":"Not found","status":404}
{"level":"error","name":"Error","status":500}
{"level":"error","name":"Not Implemented","status":404}
{"level":"error","name":"Not found","status":404}
{"level":"error","message":"Validation error: \"products\" is required"}
{"level":"error","name":"Validation error:","status":404}
{"level":"error","name":"Bad request","status":400}
{"level":"error","name":"Bad request","status":400}
